<?xml version="1.0" encoding="UTF-8"?>
<!-- Generated by org.testng.reporters.JUnitReportReporter -->
<testsuite hostname="Mis-MacBook-Pro.local" failures="0" tests="8" name="test.com.itexps.CustomerTest" time="0.006" errors="0" timestamp="9 Dec 2023 14:06:32 GMT">
  <testcase classname="test.com.itexps.CustomerTest" name="can_TestToString" time="0.001"/>
  <testcase classname="test.com.itexps.CustomerTest" name="can_testDefaultContractor" time="0.001"/>
  <testcase classname="test.com.itexps.CustomerTest" name="can_testGetFirst" time="0.001"/>
  <testcase classname="test.com.itexps.CustomerTest" name="can_testGetEmail" time="0.001"/>
  <testcase classname="test.com.itexps.CustomerTest" name="testCustomerAccounts" time="0.000"/>
  <testcase classname="test.com.itexps.CustomerTest" name="can_testGetPhone" time="0.000"/>
  <testcase classname="test.com.itexps.CustomerTest" name="can_testGetLast" time="0.000"/>
  <testcase classname="test.com.itexps.CustomerTest" name="can_testGetId" time="0.002"/>
</testsuite> <!-- test.com.itexps.CustomerTest -->
