<?xml version="1.0" encoding="UTF-8"?>
<!-- Generated by org.testng.reporters.JUnitReportReporter -->
<testsuite hostname="Mis-MacBook-Pro.local" failures="0" tests="5" name="test.com.itexps.PartTimeEmployeeTest" time="0.015" errors="0" timestamp="9 Dec 2023 14:06:32 GMT">
  <testcase classname="test.com.itexps.PartTimeEmployeeTest" name="can_getHoursPerWeek" time="0.002"/>
  <testcase classname="test.com.itexps.PartTimeEmployeeTest" name="can_testContractor" time="0.001"/>
  <testcase classname="test.com.itexps.PartTimeEmployeeTest" name="can_testToString" time="0.010"/>
  <testcase classname="test.com.itexps.PartTimeEmployeeTest" name="can_getRate" time="0.000"/>
  <testcase classname="test.com.itexps.PartTimeEmployeeTest" name="can_getContractType" time="0.002"/>
</testsuite> <!-- test.com.itexps.PartTimeEmployeeTest -->
