<?xml version="1.0" encoding="UTF-8"?>
<!-- Generated by org.testng.reporters.JUnitReportReporter -->
<testsuite hostname="Mis-MacBook-Pro.local" failures="0" tests="9" name="test.com.itexps.EmployeeTest" time="0.020" errors="0" timestamp="9 Dec 2023 14:06:32 GMT">
  <testcase classname="test.com.itexps.EmployeeTest" name="can_testContractor" time="0.001"/>
  <testcase classname="test.com.itexps.EmployeeTest" name="can_getEmail" time="0.000"/>
  <testcase classname="test.com.itexps.EmployeeTest" name="can_getLast" time="0.003"/>
  <testcase classname="test.com.itexps.EmployeeTest" name="can_getSSN" time="0.002"/>
  <testcase classname="test.com.itexps.EmployeeTest" name="can_getPhone" time="0.002"/>
  <testcase classname="test.com.itexps.EmployeeTest" name="can_getEid" time="0.002"/>
  <testcase classname="test.com.itexps.EmployeeTest" name="can_getType" time="0.000"/>
  <testcase classname="test.com.itexps.EmployeeTest" name="can_getFirst" time="0.001"/>
  <testcase classname="test.com.itexps.EmployeeTest" name="can_testToString" time="0.009"/>
</testsuite> <!-- test.com.itexps.EmployeeTest -->
