<?xml version="1.0" encoding="UTF-8"?>
<!-- Generated by org.testng.reporters.JUnitReportReporter -->
<testsuite hostname="Mis-MacBook-Pro.local" failures="0" tests="8" name="test.com.itexps.CheckingAccountTest" time="0.016" errors="0" timestamp="9 Dec 2023 14:06:32 GMT">
  <testcase classname="test.com.itexps.CheckingAccountTest" name="can_testToString" time="0.007"/>
  <testcase classname="test.com.itexps.CheckingAccountTest" name="can_getBalance" time="0.002"/>
  <testcase classname="test.com.itexps.CheckingAccountTest" name="can_testDeposit" time="0.000"/>
  <testcase classname="test.com.itexps.CheckingAccountTest" name="can_testInterestRate" time="0.003"/>
  <testcase classname="test.com.itexps.CheckingAccountTest" name="can_testDefaultContractor" time="0.000"/>
  <testcase classname="test.com.itexps.CheckingAccountTest" name="can_getCAC" time="0.001"/>
  <testcase classname="test.com.itexps.CheckingAccountTest" name="can_testWithdraw" time="0.002"/>
  <testcase classname="test.com.itexps.CheckingAccountTest" name="can_getAccountNumber" time="0.001"/>
</testsuite> <!-- test.com.itexps.CheckingAccountTest -->
