<?xml version="1.0" encoding="UTF-8"?>
<testsuite xmlns:xsi="http://www.w3.org/2001/XMLSchema-instance" xsi:noNamespaceSchemaLocation="https://maven.apache.org/surefire/maven-surefire-plugin/xsd/surefire-test-report-3.0.xsd" version="3.0" name="test.com.itexps.PartTimeEmployeeTest" time="0.55" tests="4" errors="0" skipped="0" failures="0">
  <properties>
    <property name="java.specification.version" value="20"/>
    <property name="sun.jnu.encoding" value="UTF-8"/>
    <property name="java.class.path" value="/Users/mimi/NetBeansProjects/bankmanagementsystem/target/test-classes:/Users/mimi/NetBeansProjects/bankmanagementsystem/target/classes:/Users/mimi/.m2/repository/org/testng/testng/6.8.1/testng-6.8.1.jar:/Users/mimi/.m2/repository/junit/junit/4.10/junit-4.10.jar:/Users/mimi/.m2/repository/org/hamcrest/hamcrest-core/1.1/hamcrest-core-1.1.jar:/Users/mimi/.m2/repository/org/beanshell/bsh/2.0b4/bsh-2.0b4.jar:/Users/mimi/.m2/repository/com/beust/jcommander/1.27/jcommander-1.27.jar:/Users/mimi/.m2/repository/org/yaml/snakeyaml/1.6/snakeyaml-1.6.jar:"/>
    <property name="java.vm.vendor" value="Azul Systems, Inc."/>
    <property name="sun.arch.data.model" value="64"/>
    <property name="java.vendor.url" value="http://www.azul.com/"/>
    <property name="user.timezone" value="America/Chicago"/>
    <property name="os.name" value="Mac OS X"/>
    <property name="java.vm.specification.version" value="20"/>
    <property name="user.country" value="US"/>
    <property name="sun.java.launcher" value="SUN_STANDARD"/>
    <property name="sun.boot.library.path" value="/Applications/Apache NetBeans.app/Contents/Home/lib"/>
    <property name="sun.java.command" value="/Users/mimi/NetBeansProjects/bankmanagementsystem/target/surefire/surefirebooter-20231205153405828_3.jar /Users/mimi/NetBeansProjects/bankmanagementsystem/target/surefire 2023-12-05T15-34-05_701-jvmRun1 surefire-20231205153405828_1tmp surefire_0-20231205153405828_2tmp"/>
    <property name="http.nonProxyHosts" value="local|*.local|169.254/16|*.169.254/16"/>
    <property name="jdk.debug" value="release"/>
    <property name="test" value="test.com.itexps.PartTimeEmployeeTest"/>
    <property name="surefire.test.class.path" value="/Users/mimi/NetBeansProjects/bankmanagementsystem/target/test-classes:/Users/mimi/NetBeansProjects/bankmanagementsystem/target/classes:/Users/mimi/.m2/repository/org/testng/testng/6.8.1/testng-6.8.1.jar:/Users/mimi/.m2/repository/junit/junit/4.10/junit-4.10.jar:/Users/mimi/.m2/repository/org/hamcrest/hamcrest-core/1.1/hamcrest-core-1.1.jar:/Users/mimi/.m2/repository/org/beanshell/bsh/2.0b4/bsh-2.0b4.jar:/Users/mimi/.m2/repository/com/beust/jcommander/1.27/jcommander-1.27.jar:/Users/mimi/.m2/repository/org/yaml/snakeyaml/1.6/snakeyaml-1.6.jar:"/>
    <property name="sun.cpu.endian" value="little"/>
    <property name="user.home" value="/Users/mimi"/>
    <property name="user.language" value="en"/>
    <property name="java.specification.vendor" value="Oracle Corporation"/>
    <property name="java.version.date" value="2023-07-18"/>
    <property name="java.home" value="/Applications/Apache NetBeans.app/Contents/Home"/>
    <property name="file.separator" value="/"/>
    <property name="basedir" value="/Users/mimi/NetBeansProjects/bankmanagementsystem"/>
    <property name="java.vm.compressedOopsMode" value="Zero based"/>
    <property name="line.separator" value="&#10;"/>
    <property name="java.vm.specification.vendor" value="Oracle Corporation"/>
    <property name="java.specification.name" value="Java Platform API Specification"/>
    <property name="apple.awt.application.name" value="ForkedBooter"/>
    <property name="surefire.real.class.path" value="/Users/mimi/NetBeansProjects/bankmanagementsystem/target/surefire/surefirebooter-20231205153405828_3.jar"/>
    <property name="sun.management.compiler" value="HotSpot 64-Bit Tiered Compilers"/>
    <property name="ftp.nonProxyHosts" value="local|*.local|169.254/16|*.169.254/16"/>
    <property name="java.runtime.version" value="20.0.2+9"/>
    <property name="user.name" value="mimi"/>
    <property name="stdout.encoding" value="UTF-8"/>
    <property name="path.separator" value=":"/>
    <property name="os.version" value="14.1.2"/>
    <property name="java.runtime.name" value="OpenJDK Runtime Environment"/>
    <property name="file.encoding" value="UTF-8"/>
    <property name="java.vm.name" value="OpenJDK 64-Bit Server VM"/>
    <property name="java.vendor.version" value="Zulu20.32+11-CA"/>
    <property name="maven.ext.class.path" value="/Applications/Apache NetBeans.app/Contents/Resources/netbeans/java/maven-nblib/netbeans-eventspy.jar"/>
    <property name="localRepository" value="/Users/mimi/.m2/repository"/>
    <property name="java.vendor.url.bug" value="http://www.azul.com/support/"/>
    <property name="java.io.tmpdir" value="/var/folders/rz/0zkkfchd51sfllkrtqxh_yxm0000gn/T/"/>
    <property name="java.version" value="20.0.2"/>
    <property name="user.dir" value="/Users/mimi/NetBeansProjects/bankmanagementsystem"/>
    <property name="os.arch" value="x86_64"/>
    <property name="java.vm.specification.name" value="Java Virtual Machine Specification"/>
    <property name="native.encoding" value="UTF-8"/>
    <property name="java.library.path" value="/Users/mimi/Library/Java/Extensions:/Library/Java/Extensions:/Network/Library/Java/Extensions:/System/Library/Java/Extensions:/usr/lib/java:."/>
    <property name="java.vm.info" value="mixed mode, sharing"/>
    <property name="stderr.encoding" value="UTF-8"/>
    <property name="java.vendor" value="Azul Systems, Inc."/>
    <property name="java.vm.version" value="20.0.2+9"/>
    <property name="sun.io.unicode.encoding" value="UnicodeBig"/>
    <property name="socksNonProxyHosts" value="local|*.local|169.254/16|*.169.254/16"/>
    <property name="java.class.version" value="64.0"/>
  </properties>
  <testcase name="can_getContractType" classname="test.com.itexps.PartTimeEmployeeTest" time="0.006"/>
  <testcase name="can_getHoursPerWeek" classname="test.com.itexps.PartTimeEmployeeTest" time="0.0"/>
  <testcase name="can_getRate" classname="test.com.itexps.PartTimeEmployeeTest" time="0.0"/>
  <testcase name="can_testContractor" classname="test.com.itexps.PartTimeEmployeeTest" time="0.0"/>
</testsuite>