<?xml version="1.0" encoding="UTF-8"?>
<testsuite xmlns:xsi="http://www.w3.org/2001/XMLSchema-instance" xsi:noNamespaceSchemaLocation="https://maven.apache.org/surefire/maven-surefire-plugin/xsd/surefire-test-report-3.0.xsd" version="3.0" name="TestSuite" time="1.25" tests="73" errors="0" skipped="0" failures="0">
  <properties>
    <property name="java.specification.version" value="20"/>
    <property name="sun.jnu.encoding" value="UTF-8"/>
    <property name="java.class.path" value="/Users/mimi/NetBeansProjects/bankmanagementsystem/target/test-classes:/Users/mimi/NetBeansProjects/bankmanagementsystem/target/classes:/Users/mimi/.m2/repository/org/testng/testng/6.8.1/testng-6.8.1.jar:/Users/mimi/.m2/repository/junit/junit/4.10/junit-4.10.jar:/Users/mimi/.m2/repository/org/hamcrest/hamcrest-core/1.1/hamcrest-core-1.1.jar:/Users/mimi/.m2/repository/org/beanshell/bsh/2.0b4/bsh-2.0b4.jar:/Users/mimi/.m2/repository/com/beust/jcommander/1.27/jcommander-1.27.jar:/Users/mimi/.m2/repository/org/yaml/snakeyaml/1.6/snakeyaml-1.6.jar:"/>
    <property name="java.vm.vendor" value="Azul Systems, Inc."/>
    <property name="sun.arch.data.model" value="64"/>
    <property name="java.vendor.url" value="http://www.azul.com/"/>
    <property name="user.timezone" value="America/Chicago"/>
    <property name="os.name" value="Mac OS X"/>
    <property name="java.vm.specification.version" value="20"/>
    <property name="user.country" value="US"/>
    <property name="sun.java.launcher" value="SUN_STANDARD"/>
    <property name="sun.boot.library.path" value="/Applications/Apache NetBeans.app/Contents/Home/lib"/>
    <property name="sun.java.command" value="/Users/mimi/NetBeansProjects/bankmanagementsystem/target/surefire/surefirebooter-20231209080625401_3.jar /Users/mimi/NetBeansProjects/bankmanagementsystem/target/surefire 2023-12-09T08-06-25_225-jvmRun1 surefire-20231209080625401_1tmp surefire_0-20231209080625401_2tmp"/>
    <property name="http.nonProxyHosts" value="local|*.local|169.254/16|*.169.254/16"/>
    <property name="jdk.debug" value="release"/>
    <property name="surefire.test.class.path" value="/Users/mimi/NetBeansProjects/bankmanagementsystem/target/test-classes:/Users/mimi/NetBeansProjects/bankmanagementsystem/target/classes:/Users/mimi/.m2/repository/org/testng/testng/6.8.1/testng-6.8.1.jar:/Users/mimi/.m2/repository/junit/junit/4.10/junit-4.10.jar:/Users/mimi/.m2/repository/org/hamcrest/hamcrest-core/1.1/hamcrest-core-1.1.jar:/Users/mimi/.m2/repository/org/beanshell/bsh/2.0b4/bsh-2.0b4.jar:/Users/mimi/.m2/repository/com/beust/jcommander/1.27/jcommander-1.27.jar:/Users/mimi/.m2/repository/org/yaml/snakeyaml/1.6/snakeyaml-1.6.jar:"/>
    <property name="sun.cpu.endian" value="little"/>
    <property name="user.home" value="/Users/mimi"/>
    <property name="user.language" value="en"/>
    <property name="java.specification.vendor" value="Oracle Corporation"/>
    <property name="java.version.date" value="2023-07-18"/>
    <property name="java.home" value="/Applications/Apache NetBeans.app/Contents/Home"/>
    <property name="file.separator" value="/"/>
    <property name="basedir" value="/Users/mimi/NetBeansProjects/bankmanagementsystem"/>
    <property name="java.vm.compressedOopsMode" value="Zero based"/>
    <property name="line.separator" value="&#10;"/>
    <property name="java.vm.specification.vendor" value="Oracle Corporation"/>
    <property name="java.specification.name" value="Java Platform API Specification"/>
    <property name="apple.awt.application.name" value="ForkedBooter"/>
    <property name="surefire.real.class.path" value="/Users/mimi/NetBeansProjects/bankmanagementsystem/target/surefire/surefirebooter-20231209080625401_3.jar"/>
    <property name="sun.management.compiler" value="HotSpot 64-Bit Tiered Compilers"/>
    <property name="ftp.nonProxyHosts" value="local|*.local|169.254/16|*.169.254/16"/>
    <property name="java.runtime.version" value="20.0.2+9"/>
    <property name="user.name" value="mimi"/>
    <property name="stdout.encoding" value="UTF-8"/>
    <property name="path.separator" value=":"/>
    <property name="os.version" value="14.1.2"/>
    <property name="java.runtime.name" value="OpenJDK Runtime Environment"/>
    <property name="file.encoding" value="UTF-8"/>
    <property name="java.vm.name" value="OpenJDK 64-Bit Server VM"/>
    <property name="java.vendor.version" value="Zulu20.32+11-CA"/>
    <property name="maven.ext.class.path" value="/Applications/Apache NetBeans.app/Contents/Resources/netbeans/java/maven-nblib/netbeans-eventspy.jar"/>
    <property name="localRepository" value="/Users/mimi/.m2/repository"/>
    <property name="java.vendor.url.bug" value="http://www.azul.com/support/"/>
    <property name="java.io.tmpdir" value="/var/folders/rz/0zkkfchd51sfllkrtqxh_yxm0000gn/T/"/>
    <property name="java.version" value="20.0.2"/>
    <property name="user.dir" value="/Users/mimi/NetBeansProjects/bankmanagementsystem"/>
    <property name="os.arch" value="x86_64"/>
    <property name="java.vm.specification.name" value="Java Virtual Machine Specification"/>
    <property name="native.encoding" value="UTF-8"/>
    <property name="java.library.path" value="/Users/mimi/Library/Java/Extensions:/Library/Java/Extensions:/Network/Library/Java/Extensions:/System/Library/Java/Extensions:/usr/lib/java:."/>
    <property name="java.vm.info" value="mixed mode, sharing"/>
    <property name="stderr.encoding" value="UTF-8"/>
    <property name="java.vendor" value="Azul Systems, Inc."/>
    <property name="java.vm.version" value="20.0.2+9"/>
    <property name="sun.io.unicode.encoding" value="UnicodeBig"/>
    <property name="socksNonProxyHosts" value="local|*.local|169.254/16|*.169.254/16"/>
    <property name="java.class.version" value="64.0"/>
  </properties>
  <testcase name="can_getInsuranceNo" classname="test.com.itexps.FullTimeEmployeeTest" time="0.007"/>
  <testcase name="can_getbenefit" classname="test.com.itexps.FullTimeEmployeeTest" time="0.0"/>
  <testcase name="can_testContractor" classname="test.com.itexps.FullTimeEmployeeTest" time="0.0"/>
  <testcase name="can_testToString" classname="test.com.itexps.FullTimeEmployeeTest" time="0.022"/>
  <testcase name="can_getAccountNumber" classname="test.com.itexps.CheckingAccountTest" time="0.002"/>
  <testcase name="can_getBalance" classname="test.com.itexps.CheckingAccountTest" time="0.001"/>
  <testcase name="can_getCAC" classname="test.com.itexps.CheckingAccountTest" time="0.0"/>
  <testcase name="can_testDefaultContractor" classname="test.com.itexps.CheckingAccountTest" time="0.0"/>
  <testcase name="can_testDeposit" classname="test.com.itexps.CheckingAccountTest" time="0.001"/>
  <testcase name="can_testInterestRate" classname="test.com.itexps.CheckingAccountTest" time="0.0"/>
  <testcase name="can_testToString" classname="test.com.itexps.CheckingAccountTest" time="0.006"/>
  <testcase name="can_testWithdraw" classname="test.com.itexps.CheckingAccountTest" time="0.001"/>
  <testcase name="can_getContractType" classname="test.com.itexps.PartTimeEmployeeTest" time="0.001"/>
  <testcase name="can_getHoursPerWeek" classname="test.com.itexps.PartTimeEmployeeTest" time="0.0"/>
  <testcase name="can_getRate" classname="test.com.itexps.PartTimeEmployeeTest" time="0.003"/>
  <testcase name="can_testContractor" classname="test.com.itexps.PartTimeEmployeeTest" time="0.0"/>
  <testcase name="can_testToString" classname="test.com.itexps.PartTimeEmployeeTest" time="0.011"/>
  <testcase name="can_getAccountNumber" classname="test.com.itexps.SavingAccountTest" time="0.001"/>
  <testcase name="can_getBalance" classname="test.com.itexps.SavingAccountTest" time="0.0"/>
  <testcase name="can_getSAC" classname="test.com.itexps.SavingAccountTest" time="0.001"/>
  <testcase name="can_testDefaultContractor" classname="test.com.itexps.SavingAccountTest" time="0.0"/>
  <testcase name="can_testDeposit" classname="test.com.itexps.SavingAccountTest" time="0.0"/>
  <testcase name="can_testInterestRate" classname="test.com.itexps.SavingAccountTest" time="0.0"/>
  <testcase name="can_testToString" classname="test.com.itexps.SavingAccountTest" time="0.001"/>
  <testcase name="can_testWithdraw" classname="test.com.itexps.SavingAccountTest" time="0.0"/>
  <testcase name="can_testContractor" classname="test.com.itexps.BusinessCustomerTest" time="0.001"/>
  <testcase name="can_testGetId" classname="test.com.itexps.BusinessCustomerTest" time="0.001"/>
  <testcase name="can_testToString" classname="test.com.itexps.BusinessCustomerTest" time="0.003"/>
  <testcase name="can_testContractor" classname="test.com.itexps.IndividualCustomerTest" time="0.0"/>
  <testcase name="can_testGetId" classname="test.com.itexps.IndividualCustomerTest" time="0.0"/>
  <testcase name="can_testToString" classname="test.com.itexps.IndividualCustomerTest" time="0.0"/>
  <testcase name="testGetAccountNumber" classname="test.com.itexps.AccountTest" time="0.0"/>
  <testcase name="can_getEid" classname="test.com.itexps.EmployeeTest" time="0.001"/>
  <testcase name="can_getEmail" classname="test.com.itexps.EmployeeTest" time="0.0"/>
  <testcase name="can_getFirst" classname="test.com.itexps.EmployeeTest" time="0.001"/>
  <testcase name="can_getLast" classname="test.com.itexps.EmployeeTest" time="0.0"/>
  <testcase name="can_getPhone" classname="test.com.itexps.EmployeeTest" time="0.0"/>
  <testcase name="can_getSSN" classname="test.com.itexps.EmployeeTest" time="0.0"/>
  <testcase name="can_getType" classname="test.com.itexps.EmployeeTest" time="0.001"/>
  <testcase name="can_testContractor" classname="test.com.itexps.EmployeeTest" time="0.003"/>
  <testcase name="can_testToString" classname="test.com.itexps.EmployeeTest" time="0.009"/>
  <testcase name="can_TestToString" classname="test.com.itexps.CustomerTest" time="0.001"/>
  <testcase name="can_testDefaultContractor" classname="test.com.itexps.CustomerTest" time="0.0"/>
  <testcase name="can_testGetEmail" classname="test.com.itexps.CustomerTest" time="0.0"/>
  <testcase name="can_testGetFirst" classname="test.com.itexps.CustomerTest" time="0.001"/>
  <testcase name="can_testGetId" classname="test.com.itexps.CustomerTest" time="0.0"/>
  <testcase name="can_testGetLast" classname="test.com.itexps.CustomerTest" time="0.0"/>
  <testcase name="can_testGetPhone" classname="test.com.itexps.CustomerTest" time="0.0"/>
  <testcase name="testCustomerAccounts" classname="test.com.itexps.CustomerTest" time="0.0"/>
  <testcase name="can_testDefaultContractor" classname="test.com.itexps.BankTest" time="0.0"/>
  <testcase name="can_testGetId" classname="test.com.itexps.BankTest" time="0.001"/>
  <testcase name="can_testGetName" classname="test.com.itexps.BankTest" time="0.0"/>
  <testcase name="can_testGetPhone" classname="test.com.itexps.BankTest" time="0.0"/>
  <testcase name="can_testGetWebUrl" classname="test.com.itexps.BankTest" time="0.0"/>
  <testcase name="can_testToString" classname="test.com.itexps.BankTest" time="0.001"/>
  <testcase name="testCustomer" classname="test.com.itexps.BankTest" time="0.001"/>
  <testcase name="testEmployee" classname="test.com.itexps.BankTest" time="0.001"/>
  <testcase name="testAddBusinessCustomer" classname="test.com.itexps.MyBankTest" time="0.01"/>
  <testcase name="testAddCheckingAccount" classname="test.com.itexps.MyBankTest" time="0.002"/>
  <testcase name="testAddFullTimeEmployeeDetails" classname="test.com.itexps.MyBankTest" time="0.006"/>
  <testcase name="testAddIndividualCustomer" classname="test.com.itexps.MyBankTest" time="0.002"/>
  <testcase name="testAddPartTimeEmployeeDetails" classname="test.com.itexps.MyBankTest" time="0.011"/>
  <testcase name="testAddSavingAccount" classname="test.com.itexps.MyBankTest" time="0.008"/>
  <testcase name="testDefaultConstructor" classname="test.com.itexps.MyBankTest" time="0.004"/>
  <testcase name="testMainMethod" classname="test.com.itexps.MyBankTest" time="0.003"/>
  <testcase name="testSaveCustomerAccount" classname="test.com.itexps.MyBankTest" time="0.021"/>
  <testcase name="testSaveEmployee" classname="test.com.itexps.MyBankTest" time="0.004"/>
  <testcase name="testSearchCustomer" classname="test.com.itexps.MyBankTest" time="0.002"/>
  <testcase name="testSearchEmployee" classname="test.com.itexps.MyBankTest" time="0.0"/>
  <testcase name="testViewAllAccounts" classname="test.com.itexps.MyBankTest" time="0.008"/>
  <testcase name="testViewAllCustomers" classname="test.com.itexps.MyBankTest" time="0.001"/>
  <testcase name="testViewAllEmployees" classname="test.com.itexps.MyBankTest" time="0.002"/>
  <testcase name="testViewAllEmployees_Fail" classname="test.com.itexps.MyBankTest" time="0.002"/>
</testsuite>