<?xml version="1.0" encoding="UTF-8"?>
<!-- Generated by org.testng.reporters.JUnitReportReporter -->
<testsuite hostname="Mis-MacBook-Pro.local" failures="0" tests="1" name="test.com.itexps.AccountTest" time="0.011" errors="0" timestamp="9 Dec 2023 14:06:32 GMT">
  <testcase classname="test.com.itexps.AccountTest" name="testGetAccountNumber" time="0.011"/>
</testsuite> <!-- test.com.itexps.AccountTest -->
