<?xml version="1.0" encoding="UTF-8"?>
<!-- Generated by org.testng.reporters.JUnitReportReporter -->
<testsuite hostname="Mis-MacBook-Pro.local" failures="0" tests="4" name="test.com.itexps.FullTimeEmployeeTest" time="0.046" errors="0" timestamp="9 Dec 2023 14:06:32 GMT">
  <testcase classname="test.com.itexps.FullTimeEmployeeTest" name="can_getbenefit" time="0.003"/>
  <testcase classname="test.com.itexps.FullTimeEmployeeTest" name="can_testContractor" time="0.001"/>
  <testcase classname="test.com.itexps.FullTimeEmployeeTest" name="can_getInsuranceNo" time="0.019"/>
  <testcase classname="test.com.itexps.FullTimeEmployeeTest" name="can_testToString" time="0.023"/>
</testsuite> <!-- test.com.itexps.FullTimeEmployeeTest -->
