<?xml version="1.0" encoding="UTF-8"?>
<!-- Generated by org.testng.reporters.JUnitReportReporter -->
<testsuite hostname="Mis-MacBook-Pro.local" failures="0" tests="3" name="test.com.itexps.IndividualCustomerTest" time="0.006" errors="0" timestamp="9 Dec 2023 14:06:32 GMT">
  <testcase classname="test.com.itexps.IndividualCustomerTest" name="can_testGetId" time="0.001"/>
  <testcase classname="test.com.itexps.IndividualCustomerTest" name="can_testToString" time="0.002"/>
  <testcase classname="test.com.itexps.IndividualCustomerTest" name="can_testContractor" time="0.003"/>
</testsuite> <!-- test.com.itexps.IndividualCustomerTest -->
