<?xml version="1.0" encoding="UTF-8"?>
<!-- Generated by org.testng.reporters.JUnitReportReporter -->
<testsuite hostname="Mis-MacBook-Pro.local" failures="0" tests="3" name="test.com.itexps.BusinessCustomerTest" time="0.007" errors="0" timestamp="9 Dec 2023 14:06:32 GMT">
  <testcase classname="test.com.itexps.BusinessCustomerTest" name="can_testGetId" time="0.000"/>
  <testcase classname="test.com.itexps.BusinessCustomerTest" name="can_testToString" time="0.005"/>
  <testcase classname="test.com.itexps.BusinessCustomerTest" name="can_testContractor" time="0.002"/>
</testsuite> <!-- test.com.itexps.BusinessCustomerTest -->
