<?xml version="1.0" encoding="UTF-8"?>
<!-- Generated by org.testng.reporters.JUnitReportReporter -->
<testsuite hostname="Mis-MacBook-Pro.local" failures="0" tests="16" name="test.com.itexps.MyBankTest" time="0.095" errors="0" timestamp="9 Dec 2023 14:06:32 GMT">
  <testcase classname="test.com.itexps.MyBankTest" name="testDefaultConstructor" time="0.002"/>
  <testcase classname="test.com.itexps.MyBankTest" name="testViewAllAccounts" time="0.008"/>
  <testcase classname="test.com.itexps.MyBankTest" name="testSaveEmployee" time="0.004"/>
  <testcase classname="test.com.itexps.MyBankTest" name="testMainMethod" time="0.005"/>
  <testcase classname="test.com.itexps.MyBankTest" name="testAddCheckingAccount" time="0.004"/>
  <testcase classname="test.com.itexps.MyBankTest" name="testViewAllCustomers" time="0.001"/>
  <testcase classname="test.com.itexps.MyBankTest" name="testSaveCustomerAccount" time="0.020"/>
  <testcase classname="test.com.itexps.MyBankTest" name="testViewAllEmployees" time="0.002"/>
  <testcase classname="test.com.itexps.MyBankTest" name="testSearchCustomer" time="0.002"/>
  <testcase classname="test.com.itexps.MyBankTest" name="testAddBusinessCustomer" time="0.011"/>
  <testcase classname="test.com.itexps.MyBankTest" name="testViewAllEmployees_Fail" time="0.001"/>
  <testcase classname="test.com.itexps.MyBankTest" name="testAddFullTimeEmployeeDetails" time="0.004"/>
  <testcase classname="test.com.itexps.MyBankTest" name="testAddSavingAccount" time="0.008"/>
  <testcase classname="test.com.itexps.MyBankTest" name="testSearchEmployee" time="0.004"/>
  <testcase classname="test.com.itexps.MyBankTest" name="testAddPartTimeEmployeeDetails" time="0.013"/>
  <testcase classname="test.com.itexps.MyBankTest" name="testAddIndividualCustomer" time="0.006"/>
</testsuite> <!-- test.com.itexps.MyBankTest -->
